<?xml version="1.0" encoding="UTF-8"?>
<testsuites name="jest tests" tests="1" failures="0" time="2.874">
  <testsuite name="placeholder test" errors="0" failures="0" skipped="0" timestamp="2021-09-27T17:04:58" time="1.653" tests="1">
    <testcase classname="placeholder test should return true" name="placeholder test should return true" time="0.002">
    </testcase>
  </testsuite>
</testsuites>